<?xml version="1.0" encoding="UTF-8"?>
<testng-results skipped="0" failed="0" total="3" passed="3">
  <reporter-output>
  </reporter-output>
  <suite name="Default suite" duration-ms="41098" started-at="2021-04-20T16:55:25Z" finished-at="2021-04-20T16:56:06Z">
    <groups>
    </groups>
    <test name="Default test" duration-ms="41098" started-at="2021-04-20T16:55:25Z" finished-at="2021-04-20T16:56:06Z">
      <class name="com.att.test.SecureTest">
        <test-method status="PASS" signature="SecureTestT()[pri:0, instance:com.att.test.SecureTest@675d3402]" name="SecureTestT" duration-ms="13586" started-at="2021-04-20T12:55:25Z" finished-at="2021-04-20T12:55:39Z">
          <reporter-output>
          </reporter-output>
        </test-method> <!-- SecureTestT -->
        <test-method status="PASS" signature="SecureTestT2()[pri:0, instance:com.att.test.SecureTest@675d3402]" name="SecureTestT2" duration-ms="13671" started-at="2021-04-20T12:55:39Z" finished-at="2021-04-20T12:55:53Z">
          <reporter-output>
          </reporter-output>
        </test-method> <!-- SecureTestT2 -->
        <test-method status="PASS" signature="SecureTestT3()[pri:0, instance:com.att.test.SecureTest@675d3402]" name="SecureTestT3" duration-ms="13829" started-at="2021-04-20T12:55:53Z" finished-at="2021-04-20T12:56:06Z">
          <reporter-output>
          </reporter-output>
        </test-method> <!-- SecureTestT3 -->
      </class> <!-- com.att.test.SecureTest -->
    </test> <!-- Default test -->
  </suite> <!-- Default suite -->
</testng-results>
